"Start of log file."
"C:/Users/GUILLA~1/DOCUME~1/DESTRO~4/DESTRO~1/Assets/MYMODE~1/rocher1.max"
"Starting max loading and fbx conversion"
window = undefined
"Settings units"
"Before fbx export"
"After fbx export"
"Finished max loading and fbx conversion"
"C:/Users/GUILLA~1/DOCUME~1/DESTRO~4/DESTRO~1/Assets/MYMODE~1/4-ILEA~1.MAX"
"Starting max loading and fbx conversion"
window = undefined
"Settings units"
"Before fbx export"
"After fbx export"
"Finished max loading and fbx conversion"
"C:/Users/GUILLA~1/DOCUME~1/DESTRO~4/DESTRO~1/Assets/MYMODE~1/sapin1.max"
"Starting max loading and fbx conversion"
window = undefined
"Settings units"
"Before fbx export"
"After fbx export"
"Finished max loading and fbx conversion"
